{"name":"Поиск ссылки в результатах поиска","status":"broken","statusDetails":{"known":false,"muted":false,"flaky":false,"message":"Step [ввести в поиск {string}] is defined with 0 parameters at 'ru.yandex.test.StepDef.ввестиВПоискГладиолус() in file:/D:/Cobal%20Ingeniring/Bell%20Integrator%20AT%20School/CucumberHomeProject/target/test-classes/'.\nHowever, the gherkin step has 1 arguments:\n * '«Гладиолус»'\nStep text: ввести в поиск '«Гладиолус»'","trace":"cucumber.runtime.CucumberException: Step [ввести в поиск {string}] is defined with 0 parameters at 'ru.yandex.test.StepDef.ввестиВПоискГладиолус() in file:/D:/Cobal%20Ingeniring/Bell%20Integrator%20AT%20School/CucumberHomeProject/target/test-classes/'.\nHowever, the gherkin step has 1 arguments:\n * '«Гладиолус»'\nStep text: ввести в поиск '«Гладиолус»'\r\n\tat cucumber.runner.PickleStepDefinitionMatch.arityMismatch(PickleStepDefinitionMatch.java:84)\r\n\tat cucumber.runner.PickleStepDefinitionMatch.runStep(PickleStepDefinitionMatch.java:36)\r\n\tat cucumber.runner.TestStep.executeStep(TestStep.java:63)\r\n\tat cucumber.runner.TestStep.run(TestStep.java:49)\r\n\tat cucumber.runner.PickleStepTestStep.run(PickleStepTestStep.java:43)\r\n\tat cucumber.runner.TestCase.run(TestCase.java:45)\r\n\tat cucumber.runner.Runner.runPickle(Runner.java:40)\r\n\tat cucumber.runtime.junit.PickleRunners$NoStepDescriptions.run(PickleRunners.java:146)\r\n\tat cucumber.runtime.junit.FeatureRunner.runChild(FeatureRunner.java:68)\r\n\tat cucumber.runtime.junit.FeatureRunner.runChild(FeatureRunner.java:23)\r\n\tat org.junit.runners.ParentRunner$3.run(ParentRunner.java:290)\r\n\tat org.junit.runners.ParentRunner$1.schedule(ParentRunner.java:71)\r\n\tat org.junit.runners.ParentRunner.runChildren(ParentRunner.java:288)\r\n\tat org.junit.runners.ParentRunner.access$000(ParentRunner.java:58)\r\n\tat org.junit.runners.ParentRunner$2.evaluate(ParentRunner.java:268)\r\n\tat org.junit.runners.ParentRunner.run(ParentRunner.java:363)\r\n\tat cucumber.runtime.junit.FeatureRunner.run(FeatureRunner.java:73)\r\n\tat cucumber.api.junit.Cucumber.runChild(Cucumber.java:122)\r\n\tat cucumber.api.junit.Cucumber.runChild(Cucumber.java:64)\r\n\tat org.junit.runners.ParentRunner$3.run(ParentRunner.java:290)\r\n\tat org.junit.runners.ParentRunner$1.schedule(ParentRunner.java:71)\r\n\tat org.junit.runners.ParentRunner.runChildren(ParentRunner.java:288)\r\n\tat org.junit.runners.ParentRunner.access$000(ParentRunner.java:58)\r\n\tat org.junit.runners.ParentRunner$2.evaluate(ParentRunner.java:268)\r\n\tat cucumber.api.junit.Cucumber$1.evaluate(Cucumber.java:131)\r\n\tat org.junit.runners.ParentRunner.run(ParentRunner.java:363)\r\n\tat org.junit.runner.JUnitCore.run(JUnitCore.java:137)\r\n\tat com.intellij.junit4.JUnit4IdeaTestRunner.startRunnerWithArgs(JUnit4IdeaTestRunner.java:68)\r\n\tat com.intellij.rt.junit.IdeaTestRunner$Repeater.startRunnerWithArgs(IdeaTestRunner.java:33)\r\n\tat com.intellij.rt.junit.JUnitStarter.prepareStreamsAndStart(JUnitStarter.java:230)\r\n\tat com.intellij.rt.junit.JUnitStarter.main(JUnitStarter.java:58)\r\n"},"stage":"finished","steps":[{"name":"Given  перейти на сайт 'https://yandex.ru/'","status":"passed","statusDetails":{"known":false,"muted":false,"flaky":false},"stage":"finished","steps":[],"attachments":[],"parameters":[],"start":1583077943675,"stop":1583077955454},{"name":"Then  ввести в поиск '«Гладиолус»'","status":"broken","statusDetails":{"known":false,"muted":false,"flaky":false,"message":"Step [ввести в поиск {string}] is defined with 0 parameters at 'ru.yandex.test.StepDef.ввестиВПоискГладиолус() in file:/D:/Cobal%20Ingeniring/Bell%20Integrator%20AT%20School/CucumberHomeProject/target/test-classes/'.\nHowever, the gherkin step has 1 arguments:\n * '«Гладиолус»'\nStep text: ввести в поиск '«Гладиолус»'","trace":"cucumber.runtime.CucumberException: Step [ввести в поиск {string}] is defined with 0 parameters at 'ru.yandex.test.StepDef.ввестиВПоискГладиолус() in file:/D:/Cobal%20Ingeniring/Bell%20Integrator%20AT%20School/CucumberHomeProject/target/test-classes/'.\nHowever, the gherkin step has 1 arguments:\n * '«Гладиолус»'\nStep text: ввести в поиск '«Гладиолус»'\r\n\tat cucumber.runner.PickleStepDefinitionMatch.arityMismatch(PickleStepDefinitionMatch.java:84)\r\n\tat cucumber.runner.PickleStepDefinitionMatch.runStep(PickleStepDefinitionMatch.java:36)\r\n\tat cucumber.runner.TestStep.executeStep(TestStep.java:63)\r\n\tat cucumber.runner.TestStep.run(TestStep.java:49)\r\n\tat cucumber.runner.PickleStepTestStep.run(PickleStepTestStep.java:43)\r\n\tat cucumber.runner.TestCase.run(TestCase.java:45)\r\n\tat cucumber.runner.Runner.runPickle(Runner.java:40)\r\n\tat cucumber.runtime.junit.PickleRunners$NoStepDescriptions.run(PickleRunners.java:146)\r\n\tat cucumber.runtime.junit.FeatureRunner.runChild(FeatureRunner.java:68)\r\n\tat cucumber.runtime.junit.FeatureRunner.runChild(FeatureRunner.java:23)\r\n\tat org.junit.runners.ParentRunner$3.run(ParentRunner.java:290)\r\n\tat org.junit.runners.ParentRunner$1.schedule(ParentRunner.java:71)\r\n\tat org.junit.runners.ParentRunner.runChildren(ParentRunner.java:288)\r\n\tat org.junit.runners.ParentRunner.access$000(ParentRunner.java:58)\r\n\tat org.junit.runners.ParentRunner$2.evaluate(ParentRunner.java:268)\r\n\tat org.junit.runners.ParentRunner.run(ParentRunner.java:363)\r\n\tat cucumber.runtime.junit.FeatureRunner.run(FeatureRunner.java:73)\r\n\tat cucumber.api.junit.Cucumber.runChild(Cucumber.java:122)\r\n\tat cucumber.api.junit.Cucumber.runChild(Cucumber.java:64)\r\n\tat org.junit.runners.ParentRunner$3.run(ParentRunner.java:290)\r\n\tat org.junit.runners.ParentRunner$1.schedule(ParentRunner.java:71)\r\n\tat org.junit.runners.ParentRunner.runChildren(ParentRunner.java:288)\r\n\tat org.junit.runners.ParentRunner.access$000(ParentRunner.java:58)\r\n\tat org.junit.runners.ParentRunner$2.evaluate(ParentRunner.java:268)\r\n\tat cucumber.api.junit.Cucumber$1.evaluate(Cucumber.java:131)\r\n\tat org.junit.runners.ParentRunner.run(ParentRunner.java:363)\r\n\tat org.junit.runner.JUnitCore.run(JUnitCore.java:137)\r\n\tat com.intellij.junit4.JUnit4IdeaTestRunner.startRunnerWithArgs(JUnit4IdeaTestRunner.java:68)\r\n\tat com.intellij.rt.junit.IdeaTestRunner$Repeater.startRunnerWithArgs(IdeaTestRunner.java:33)\r\n\tat com.intellij.rt.junit.JUnitStarter.prepareStreamsAndStart(JUnitStarter.java:230)\r\n\tat com.intellij.rt.junit.JUnitStarter.main(JUnitStarter.java:58)\r\n"},"stage":"finished","steps":[],"attachments":[],"parameters":[],"start":1583077955455,"stop":1583077955460},{"name":"Then  нажать 'поиск'","status":"skipped","statusDetails":{"known":false,"muted":false,"flaky":false},"stage":"finished","steps":[],"attachments":[],"parameters":[],"start":1583077955460,"stop":1583077955461},{"name":"Then  найти в результатах ссылку  'https://ru.wikipedia.org/wiki/%D0%A8%D0%BF%D0%B0%D0%B6%D0%BD%D0%B8%D0%BA'","status":"skipped","statusDetails":{"known":false,"muted":false,"flaky":false},"stage":"finished","steps":[],"attachments":[],"parameters":[],"start":1583077955461,"stop":1583077955461},{"name":"Then  завершить работу","status":"skipped","statusDetails":{"known":false,"muted":false,"flaky":false},"stage":"finished","steps":[],"attachments":[],"parameters":[],"start":1583077955461,"stop":1583077955462}],"attachments":[],"parameters":[],"start":1583077943673,"stop":1583077955470,"uuid":"43d2c149-7fa9-4032-ad51-3f6d2e7db4ae","historyId":"258c703a4ccc83f2167aea5f403ebde5","fullName":"Поиск в яндексе: Поиск ссылки в результатах поиска","labels":[{"name":"tag","value":"otlad"},{"name":"host","value":"DESKTOP-QJT3A5E"},{"name":"thread","value":"30500@DESKTOP-QJT3A5E.main(1)"},{"name":"feature","value":"Поиск в яндексе"},{"name":"story","value":"Поиск ссылки в результатах поиска"},{"name":"suite","value":"Поиск в яндексе"},{"name":"testClass","value":"Поиск ссылки в результатах поиска"},{"name":"framework","value":"cucumber4jvm"},{"name":"language","value":"java"},{"name":"gherkin_uri","value":"file:src/test/java/features/checkLinkAfterSearch.feature"},{"name":"package","value":"src.test.java.features.checkLinkAfterSearch_feature.Поиск в яндексе"}],"links":[]}